2018-04-16 15:43:06,914 INFO  [org.alfresco.repo.admin] [localhost-startStop-1] Using database URL 'jdbc:h2:C:\Users\balde\workspace\tutorial-repo/alf_data_dev/h2_data/alf_dev;AUTO_SERVER=TRUE;DB_CLOSE_ON_EXIT=FALSE;LOCK_TIMEOUT=10000;MVCC=FALSE;LOCK_MODE=0' with user 'alfresco'.
2018-04-16 15:43:06,929 INFO  [org.alfresco.repo.admin] [localhost-startStop-1] Connected to database H2 version 1.4.190 (2015-10-11)
2018-04-16 15:43:12,742 INFO  [org.alfresco.repo.domain.schema.SchemaBootstrap] [localhost-startStop-1] Ignoring script patch (post-Hibernate): patch.db-V4.2-metadata-query-indexes
2018-04-16 15:43:12,743 INFO  [org.alfresco.repo.domain.schema.SchemaBootstrap] [localhost-startStop-1] Ignoring script patch (post-Hibernate): patch.db-V5.1-metadata-query-indexes
2018-04-16 15:43:24,563 INFO  [org.alfresco.repo.management.subsystems.ChildApplicationContextFactory] [localhost-startStop-1] Starting 'Authentication' subsystem, ID: [Authentication, managed, alfrescoNtlm1]
2018-04-16 15:43:24,881 INFO  [org.alfresco.repo.management.subsystems.ChildApplicationContextFactory] [localhost-startStop-1] Startup of 'Authentication' subsystem, ID: [Authentication, managed, alfrescoNtlm1] complete
2018-04-16 15:43:28,716 INFO  [org.springframework.extensions.webscripts.TemplateProcessorRegistry] [localhost-startStop-1] Registered template processor Repository Template Processor for extension ftl
2018-04-16 15:43:28,724 INFO  [org.springframework.extensions.webscripts.ScriptProcessorRegistry] [localhost-startStop-1] Registered script processor Repository Script Processor for extension js
2018-04-16 15:43:31,956 INFO  [org.alfresco.repo.management.subsystems.ChildApplicationContextFactory] [localhost-startStop-1] Starting 'ContentStore' subsystem, ID: [ContentStore, managed, unencrypted]
2018-04-16 15:43:32,049 INFO  [org.alfresco.repo.management.subsystems.ChildApplicationContextFactory] [localhost-startStop-1] Startup of 'ContentStore' subsystem, ID: [ContentStore, managed, unencrypted] complete
2018-04-16 15:43:32,090 INFO  [org.alfresco.repo.domain.schema.SchemaBootstrap] [localhost-startStop-1] Connecting to database: jdbc:h2:C:\Users\balde\workspace\tutorial-repo/alf_data_dev/h2_data/alf_dev, UserName=ALFRESCO, H2 JDBC Driver
2018-04-16 15:43:32,092 INFO  [org.alfresco.repo.domain.schema.SchemaBootstrap] [localhost-startStop-1] Schema managed by database dialect org.hibernate.dialect.H2Dialect.
2018-04-16 15:43:32,288 WARN  [org.alfresco.repo.domain.schema.SchemaBootstrap] [localhost-startStop-1] Schema validation found 85 potential problems, results written to: C:\Users\balde\workspace\tutorial-repo\target\Alfresco\Alfresco-H2Dialect-Validation-Pre-Upgrade-alf_-8854088596158972543.txt
2018-04-16 15:43:32,312 WARN  [org.alfresco.repo.domain.schema.SchemaBootstrap] [localhost-startStop-1] Schema validation found 26 potential problems, results written to: C:\Users\balde\workspace\tutorial-repo\target\Alfresco\Alfresco-H2Dialect-Validation-Pre-Upgrade-act_-432648820897294959.txt
2018-04-16 15:43:32,436 INFO  [org.alfresco.repo.domain.schema.SchemaBootstrap] [localhost-startStop-1] Normalized schema dumped to file C:\Users\balde\workspace\tutorial-repo\target\Alfresco\Alfresco-schema-H2Dialect-pre-upgrade-alf_-7157636415712387677.xml.
2018-04-16 15:43:32,438 INFO  [org.alfresco.repo.domain.schema.SchemaBootstrap] [localhost-startStop-1] Normalized schema dumped to file C:\Users\balde\workspace\tutorial-repo\target\Alfresco\Alfresco-schema-H2Dialect-pre-upgrade-jbpm_-5624308444046340424.xml.
2018-04-16 15:43:32,439 INFO  [org.alfresco.repo.domain.schema.SchemaBootstrap] [localhost-startStop-1] Normalized schema dumped to file C:\Users\balde\workspace\tutorial-repo\target\Alfresco\Alfresco-schema-H2Dialect-pre-upgrade-act_-2426497822421108423.xml.
2018-04-16 15:43:32,442 INFO  [org.alfresco.repo.domain.schema.SchemaBootstrap] [localhost-startStop-1] Executing database script C:\Users\balde\workspace\tutorial-repo\target\Alfresco\AlfrescoSchema-H2Dialect-Update-524694153752760314.sql (Copied from classpath:alfresco/dbscripts/create/org.hibernate.dialect.H2Dialect/AlfrescoCreate-RepoTables.sql).
2018-04-16 15:43:32,566 INFO  [org.alfresco.repo.domain.schema.SchemaBootstrap] [localhost-startStop-1] Executing database script C:\Users\balde\workspace\tutorial-repo\target\Alfresco\AlfrescoSchema-H2Dialect-Update-2403699437165965470.sql (Copied from classpath:alfresco/dbscripts/create/org.hibernate.dialect.H2Dialect/AlfrescoCreate-LockTables.sql).
2018-04-16 15:43:32,592 INFO  [org.alfresco.repo.domain.schema.SchemaBootstrap] [localhost-startStop-1] Executing database script C:\Users\balde\workspace\tutorial-repo\target\Alfresco\AlfrescoSchema-H2Dialect-Update-4857459559306832989.sql (Copied from classpath:alfresco/dbscripts/create/org.hibernate.dialect.H2Dialect/AlfrescoCreate-ContentTables.sql).
2018-04-16 15:43:32,629 INFO  [org.alfresco.repo.domain.schema.SchemaBootstrap] [localhost-startStop-1] Executing database script C:\Users\balde\workspace\tutorial-repo\target\Alfresco\AlfrescoSchema-H2Dialect-Update-6352945646998148994.sql (Copied from classpath:alfresco/dbscripts/create/org.hibernate.dialect.H2Dialect/AlfrescoCreate-PropertyValueTables.sql).
2018-04-16 15:43:32,662 INFO  [org.alfresco.repo.domain.schema.SchemaBootstrap] [localhost-startStop-1] Executing database script C:\Users\balde\workspace\tutorial-repo\target\Alfresco\AlfrescoSchema-H2Dialect-Update-6992078801966360261.sql (Copied from classpath:alfresco/dbscripts/create/org.hibernate.dialect.H2Dialect/AlfrescoCreate-ContentUrlEncryptionTables.sql).
2018-04-16 15:43:32,700 INFO  [org.alfresco.repo.domain.schema.SchemaBootstrap] [localhost-startStop-1] Executing database script C:\Users\balde\workspace\tutorial-repo\target\Alfresco\AlfrescoSchema-H2Dialect-Update-8665069284162024631.sql (Copied from classpath:alfresco/dbscripts/create/org.hibernate.dialect.H2Dialect/AlfrescoCreate-AuditTables.sql).
2018-04-16 15:43:32,784 INFO  [org.alfresco.repo.domain.schema.SchemaBootstrap] [localhost-startStop-1] Executing database script C:\Users\balde\workspace\tutorial-repo\target\Alfresco\AlfrescoSchema-H2Dialect-Update-4094841394081167550.sql (Copied from classpath:alfresco/dbscripts/create/org.hibernate.dialect.H2Dialect/AlfrescoCreate-ActivityTables.sql).
2018-04-16 15:43:32,843 INFO  [org.alfresco.repo.domain.schema.SchemaBootstrap] [localhost-startStop-1] Executing database script C:\Users\balde\workspace\tutorial-repo\target\Alfresco\AlfrescoSchema-H2Dialect-Update-8896691317170365262.sql (Copied from classpath:alfresco/dbscripts/create/org.hibernate.dialect.H2Dialect/AlfrescoCreate-UsageTables.sql).
2018-04-16 15:43:32,877 INFO  [org.alfresco.repo.domain.schema.SchemaBootstrap] [localhost-startStop-1] Executing database script C:\Users\balde\workspace\tutorial-repo\target\Alfresco\AlfrescoSchema-H2Dialect-Update-7845527212889877167.sql (Copied from classpath:alfresco/dbscripts/create/org.hibernate.dialect.H2Dialect/AlfrescoCreate-SubscriptionTables.sql).
2018-04-16 15:43:32,895 INFO  [org.alfresco.repo.domain.schema.SchemaBootstrap] [localhost-startStop-1] Executing database script C:\Users\balde\workspace\tutorial-repo\target\Alfresco\AlfrescoSchema-H2Dialect-Update-6563671215640928248.sql (Copied from classpath:alfresco/dbscripts/create/org.hibernate.dialect.H2Dialect/AlfrescoCreate-TenantTables.sql).
2018-04-16 15:43:32,907 INFO  [org.alfresco.repo.domain.schema.SchemaBootstrap] [localhost-startStop-1] Executing database script C:\Users\balde\workspace\tutorial-repo\target\Alfresco\AlfrescoSchema-H2Dialect-Update-170931921917727395.sql (Copied from classpath:alfresco/dbscripts/create/org.hibernate.dialect.H2Dialect/AlfrescoCreate-AuthorizationTables.sql).
2018-04-16 15:43:32,952 INFO  [org.alfresco.repo.domain.schema.SchemaBootstrap] [localhost-startStop-1] Executing database script C:\Users\balde\workspace\tutorial-repo\target\Alfresco\AlfrescoSchema-H2Dialect-Update-29981815878733820.sql (Generated).
2018-04-16 15:43:33,097 INFO  [org.alfresco.repo.domain.schema.SchemaBootstrap] [localhost-startStop-1] Executing database script C:\Users\balde\workspace\tutorial-repo\target\Alfresco\AlfrescoSchema-H2Dialect-Update-2899177796213152422.sql (Copied from classpath:alfresco/dbscripts/create/org.hibernate.dialect.H2Dialect/AlfrescoPostCreate-JBPM-Extra.sql).
2018-04-16 15:43:33,142 INFO  [org.alfresco.repo.domain.schema.SchemaBootstrap] [localhost-startStop-1] Executing database script C:\Users\balde\workspace\tutorial-repo\target\Alfresco\AlfrescoSchema-H2Dialect-Update-8620292742840363133.sql (Copied from classpath:alfresco/dbscripts/create/org.hibernate.dialect.H2Dialect/AlfrescoPostCreate-JBPM-FK-indexes.sql).
2018-04-16 15:43:33,181 INFO  [org.alfresco.repo.domain.schema.SchemaBootstrap] [localhost-startStop-1] Executing database script C:\Users\balde\workspace\tutorial-repo\target\Alfresco\AlfrescoSchema-H2Dialect-Update-2934765899202097558.sql (Copied from classpath:alfresco/dbscripts/create/org.hibernate.dialect.H2Dialect/AlfrescoPostCreate-JBPM-varinst-indexes.sql).
2018-04-16 15:43:33,183 INFO  [org.alfresco.repo.domain.schema.SchemaBootstrap] [localhost-startStop-1] Create scripts executed in 991 ms
2018-04-16 15:43:33,812 INFO  [org.alfresco.repo.domain.schema.SchemaBootstrap] [localhost-startStop-1] All executed statements:  C:\Users\balde\workspace\tutorial-repo\target\Alfresco\AlfrescoSchema-H2Dialect-All_Statements-7039978080482087508.sql.
2018-04-16 15:43:34,194 WARN  [org.alfresco.repo.domain.schema.SchemaBootstrap] [localhost-startStop-1] Schema validation found 754 potential problems, results written to: C:\Users\balde\workspace\tutorial-repo\target\Alfresco\Alfresco-H2Dialect-Validation-Post-Upgrade-alf_-8882637977564974428.txt
2018-04-16 15:43:34,353 WARN  [org.alfresco.repo.domain.schema.SchemaBootstrap] [localhost-startStop-1] Schema validation found 275 potential problems, results written to: C:\Users\balde\workspace\tutorial-repo\target\Alfresco\Alfresco-H2Dialect-Validation-Post-Upgrade-act_-2226999358653743393.txt
2018-04-16 15:43:34,932 INFO  [org.alfresco.repo.domain.schema.SchemaBootstrap] [localhost-startStop-1] Normalized schema dumped to file C:\Users\balde\workspace\tutorial-repo\target\Alfresco\Alfresco-schema-H2Dialect-post-upgrade-alf_-6685889284186365695.xml.
2018-04-16 15:43:34,934 INFO  [org.alfresco.repo.domain.schema.SchemaBootstrap] [localhost-startStop-1] Normalized schema dumped to file C:\Users\balde\workspace\tutorial-repo\target\Alfresco\Alfresco-schema-H2Dialect-post-upgrade-jbpm_-5999783979520678981.xml.
2018-04-16 15:43:34,934 INFO  [org.alfresco.repo.domain.schema.SchemaBootstrap] [localhost-startStop-1] Normalized schema dumped to file C:\Users\balde\workspace\tutorial-repo\target\Alfresco\Alfresco-schema-H2Dialect-post-upgrade-act_-7544249837476927263.xml.
2018-04-16 15:43:35,281 INFO  [org.alfresco.repo.management.subsystems.ChildApplicationContextFactory] [localhost-startStop-1] Starting 'Search' subsystem, ID: [Search, managed, solr4]
2018-04-16 15:43:36,421 INFO  [org.alfresco.repo.management.subsystems.ChildApplicationContextFactory] [localhost-startStop-1] Startup of 'Search' subsystem, ID: [Search, managed, solr4] complete
2018-04-16 15:43:49,216 INFO  [org.alfresco.repo.management.subsystems.ChildApplicationContextFactory] [localhost-startStop-1] Starting 'thirdparty' subsystem, ID: [thirdparty, default]
2018-04-16 15:43:49,535 ERROR [org.alfresco.repo.content.transform.magick.AbstractImageMagickContentTransformerWorker] [localhost-startStop-1] ImageMagickContentTransformerWorker not available: 03160001 Failed to perform ImageMagick transformation: 
Execution result: 
   os:         Windows 10
   command:    ./ImageMagick/bin/convert C:\Users\balde\workspace\tutorial-repo\target\Alfresco\ImageMagickContentTransformerWorker_init_source_8159183465725858595.gif -strip C:\Users\balde\workspace\tutorial-repo\target\Alfresco\ImageMagickContentTransformerWorker_init_target_8025096375183991411.png
   succeeded:  false
   exit code:  1
   out:        
   err:        Cannot run program "./ImageMagick/bin/convert": CreateProcess error=2, The system cannot find the file specified
2018-04-16 15:43:49,537 INFO  [org.alfresco.repo.management.subsystems.ChildApplicationContextFactory] [localhost-startStop-1] Startup of 'thirdparty' subsystem, ID: [thirdparty, default] complete
2018-04-16 15:43:49,538 INFO  [org.alfresco.repo.management.subsystems.ChildApplicationContextFactory] [localhost-startStop-1] Starting 'OOoDirect' subsystem, ID: [OOoDirect, default]
2018-04-16 15:43:49,932 ERROR [org.alfresco.util.exec.RuntimeExecBootstrapBean] [localhost-startStop-1] Bootstrap command failed: 
Execution result: 
   os:         Windows 10
   command:    soffice -accept=socket,host=127.0.0.1,port=8100;urp;StarOffice.ServiceManager -env:UserInstallation=file:///C:/Users/balde/workspace/tutorial-repo/alf_data_dev/oouser -headless -nocrashreport -nofirststartwizard -nologo -norestore
   succeeded:  false
   exit code:  2
   out:        
   err:        Cannot run program "soffice": CreateProcess error=2, The system cannot find the file specified
2018-04-16 15:43:51,981 WARN  [org.alfresco.util.OpenOfficeConnectionTester] [localhost-startStop-1] An initial OpenOffice connection could not be established.
2018-04-16 15:43:51,984 INFO  [org.alfresco.repo.management.subsystems.ChildApplicationContextFactory] [localhost-startStop-1] Startup of 'OOoDirect' subsystem, ID: [OOoDirect, default] complete
2018-04-16 15:43:51,986 INFO  [org.alfresco.repo.admin.ConfigurationChecker] [localhost-startStop-1] The Alfresco root data directory ('dir.root') is: C:\Users\balde\workspace\tutorial-repo\alf_data_dev
2018-04-16 15:43:51,997 INFO  [org.alfresco.repo.admin.patch.PatchExecuter] [localhost-startStop-1] Checking for patches to apply ...
2018-04-16 15:43:52,222 WARN  [org.alfresco.repo.admin.patch.PatchExecuter] [localhost-startStop-1] Patch description is not available: Patch[ id=patch.contentFormFolderType, description=patch.contentFormFolderType.description, fixesFromSchema=0, fixesToSchema=36, targetSchema=37, ignored=false]
2018-04-16 15:43:52,283 WARN  [org.alfresco.repo.admin.patch.PatchExecuter] [localhost-startStop-1] Patch description is not available: Patch[ id=patch.redeploySubmitProcess, description=patch.redeploySubmitProcess.description, fixesFromSchema=0, fixesToSchema=57, targetSchema=58, ignored=false]
2018-04-16 15:43:52,710 INFO  [org.alfresco.repo.admin.patch.PatchExecuter] [localhost-startStop-1] 	Applying patch 'patch.exampleJavaScript' (Loads sample Javascript file into datadictionary scripts folder).
2018-04-16 15:43:52,819 INFO  [org.alfresco.repo.admin.patch.PatchExecuter] [localhost-startStop-1] 	Applying patch 'patch.siteLoadPatch.swsdp' (Loads a sample site into the repository.).
2018-04-16 15:43:52,935 INFO  [org.alfresco.repo.management.subsystems.ChildApplicationContextFactory] [localhost-startStop-1] Starting 'sysAdmin' subsystem, ID: [sysAdmin, default]
2018-04-16 15:43:53,014 INFO  [org.alfresco.repo.management.subsystems.ChildApplicationContextFactory] [localhost-startStop-1] Startup of 'sysAdmin' subsystem, ID: [sysAdmin, default] complete
2018-04-16 15:43:57,954 INFO  [org.alfresco.repo.admin.patch.PatchExecuter] [localhost-startStop-1] 
=== Applied patch                 === 
ID: patch.db-V3.4-UsageTables
RESULT: 
Script completed
=====================================
2018-04-16 15:43:57,957 INFO  [org.alfresco.repo.admin.patch.PatchExecuter] [localhost-startStop-1] 
=== Applied patch                 === 
ID: patch.db-V4.0-TenantTables
RESULT: 
Script completed
=====================================
2018-04-16 15:43:57,958 INFO  [org.alfresco.repo.admin.patch.PatchExecuter] [localhost-startStop-1] 
=== Applied patch                 === 
ID: patch.db-V3.4-JBPM-varinst-indexes
RESULT: 
Script completed
=====================================
2018-04-16 15:43:57,958 INFO  [org.alfresco.repo.admin.patch.PatchExecuter] [localhost-startStop-1] 
=== Applied patch                 === 
ID: patch.db-V4.1-AuthorizationTables
RESULT: 
Script completed
=====================================
2018-04-16 15:43:57,959 INFO  [org.alfresco.repo.admin.patch.PatchExecuter] [localhost-startStop-1] 
=== Applied patch                 === 
ID: patch.db-V5.0-ContentUrlEncryptionTables
RESULT: 
Script completed
=====================================
2018-04-16 15:43:57,960 INFO  [org.alfresco.repo.admin.patch.PatchExecuter] [localhost-startStop-1] 
=== Applied patch                 === 
ID: patch.exampleJavaScript
RESULT: 
Imported view into bootstrap location: /app:company_home/app:dictionary/app:scripts (workspace://SpacesStore/a3b39f4f-0ea4-42b9-a4dc-e51ddf38752f)
=====================================
2018-04-16 15:43:57,960 INFO  [org.alfresco.repo.admin.patch.PatchExecuter] [localhost-startStop-1] 
=== Applied patch                 === 
ID: patch.siteLoadPatch.swsdp
RESULT: 
Site swsdp imported.
=====================================
2018-04-16 15:43:58,134 INFO  [org.alfresco.repo.module.ModuleServiceImpl] [localhost-startStop-1] Found 2 module package(s).
2018-04-16 15:43:58,150 INFO  [org.alfresco.repo.module.ModuleServiceImpl] [localhost-startStop-1] Installing module 'tutorial-repo' version 1.0-SNAPSHOT.
2018-04-16 15:43:58,161 DEBUG [com.someco.tutorial_repo.platformsample.DemoComponent] [localhost-startStop-1] Test debug logging. Congratulation your JAR Module is working
2018-04-16 15:43:58,163 INFO  [com.someco.tutorial_repo.platformsample.DemoComponent] [localhost-startStop-1] This is only for information purposed. Better remove me from the log in Production
2018-04-16 15:43:58,189 INFO  [org.alfresco.repo.module.ModuleServiceImpl] [localhost-startStop-1] Installing module 'alfresco-share-services' version 5.2.0.
2018-04-16 15:43:58,202 INFO  [org.alfresco.repo.management.subsystems.ChildApplicationContextFactory] [localhost-startStop-1] Starting 'fileServers' subsystem, ID: [fileServers, default]
2018-04-16 15:43:59,009 INFO  [org.alfresco.repo.management.subsystems.ChildApplicationContextFactory] [localhost-startStop-1] Startup of 'fileServers' subsystem, ID: [fileServers, default] complete
2018-04-16 15:43:59,010 INFO  [org.alfresco.repo.management.subsystems.ChildApplicationContextFactory] [localhost-startStop-1] Starting 'imap' subsystem, ID: [imap, default]
2018-04-16 15:43:59,182 INFO  [org.alfresco.repo.management.subsystems.ChildApplicationContextFactory] [localhost-startStop-1] Startup of 'imap' subsystem, ID: [imap, default] complete
2018-04-16 15:43:59,186 INFO  [org.alfresco.repo.management.subsystems.ChildApplicationContextFactory] [localhost-startStop-1] Starting 'email' subsystem, ID: [email, outbound]
2018-04-16 15:43:59,517 INFO  [org.alfresco.repo.management.subsystems.ChildApplicationContextFactory] [localhost-startStop-1] Startup of 'email' subsystem, ID: [email, outbound] complete
2018-04-16 15:43:59,551 INFO  [org.alfresco.repo.management.subsystems.ChildApplicationContextFactory] [localhost-startStop-1] Starting 'email' subsystem, ID: [email, inbound]
2018-04-16 15:43:59,676 INFO  [org.alfresco.repo.management.subsystems.ChildApplicationContextFactory] [localhost-startStop-1] Startup of 'email' subsystem, ID: [email, inbound] complete
2018-04-16 15:43:59,679 INFO  [org.alfresco.repo.management.subsystems.ChildApplicationContextFactory] [localhost-startStop-1] Starting 'Subscriptions' subsystem, ID: [Subscriptions, default]
2018-04-16 15:43:59,725 INFO  [org.alfresco.repo.management.subsystems.ChildApplicationContextFactory] [localhost-startStop-1] Startup of 'Subscriptions' subsystem, ID: [Subscriptions, default] complete
2018-04-16 15:43:59,745 INFO  [org.alfresco.repo.management.subsystems.ChildApplicationContextFactory] [localhost-startStop-1] Starting 'Synchronization' subsystem, ID: [Synchronization, default]
2018-04-16 15:43:59,833 INFO  [org.alfresco.repo.management.subsystems.ChildApplicationContextFactory] [localhost-startStop-1] Startup of 'Synchronization' subsystem, ID: [Synchronization, default] complete
2018-04-16 15:43:59,912 INFO  [org.alfresco.service.descriptor.DescriptorService] [localhost-startStop-1] Alfresco JVM - v1.8.0_121-b13; maximum heap size 1820.500MB
2018-04-16 15:43:59,913 INFO  [org.alfresco.service.descriptor.DescriptorService] [localhost-startStop-1] Server Mode :UNKNOWN
2018-04-16 15:43:59,916 INFO  [org.alfresco.service.descriptor.DescriptorService] [localhost-startStop-1] Alfresco started (Community). Current version: 5.2.0 (r130508-b9) schema 10,004. Originally installed version: 5.2.0 (r130508-b9) schema 10,004.
2018-04-16 15:43:59,923 INFO  [org.alfresco.repo.management.subsystems.ChildApplicationContextFactory] [localhost-startStop-1] Starting 'ActivitiesFeed' subsystem, ID: [ActivitiesFeed, default]
2018-04-16 15:44:00,264 INFO  [org.alfresco.repo.management.subsystems.ChildApplicationContextFactory] [localhost-startStop-1] Startup of 'ActivitiesFeed' subsystem, ID: [ActivitiesFeed, default] complete
2018-04-16 15:44:00,267 INFO  [org.alfresco.repo.management.subsystems.ChildApplicationContextFactory] [localhost-startStop-1] Starting 'Replication' subsystem, ID: [Replication, default]
2018-04-16 15:44:00,302 INFO  [org.alfresco.repo.management.subsystems.ChildApplicationContextFactory] [localhost-startStop-1] Startup of 'Replication' subsystem, ID: [Replication, default] complete
2018-04-16 15:44:11,702 INFO  [org.springframework.extensions.webscripts.DeclarativeRegistry] [asynchronouslyRefreshedCacheThreadPool1] Registered 397 Web Scripts (+0 failed), 546 URLs
2018-04-16 15:44:11,715 INFO  [org.springframework.extensions.webscripts.DeclarativeRegistry] [asynchronouslyRefreshedCacheThreadPool1] Registered 1 Package Description Documents (+0 failed) 
2018-04-16 15:44:11,715 INFO  [org.springframework.extensions.webscripts.DeclarativeRegistry] [asynchronouslyRefreshedCacheThreadPool1] Registered 0 Schema Description Documents (+0 failed) 
2018-04-16 15:44:15,113 INFO  [org.springframework.extensions.webscripts.DeclarativeRegistry] [localhost-startStop-1] Registered 397 Web Scripts (+0 failed), 546 URLs
2018-04-16 15:44:15,115 INFO  [org.springframework.extensions.webscripts.DeclarativeRegistry] [localhost-startStop-1] Registered 1 Package Description Documents (+0 failed) 
2018-04-16 15:44:15,115 INFO  [org.springframework.extensions.webscripts.DeclarativeRegistry] [localhost-startStop-1] Registered 0 Schema Description Documents (+0 failed) 
2018-04-16 15:44:15,126 INFO  [org.springframework.extensions.webscripts.AbstractRuntimeContainer] [localhost-startStop-1] Initialised Repository Web Script Container (in 12156.041ms)
2018-04-16 15:44:15,256 INFO  [org.springframework.extensions.webscripts.TemplateProcessorRegistry] [localhost-startStop-1] Registered template processor freemarker for extension ftl
2018-04-16 15:44:15,366 INFO  [org.springframework.extensions.webscripts.ScriptProcessorRegistry] [localhost-startStop-1] Registered script processor javascript for extension js
2018-04-16 15:44:20,060 INFO  [org.springframework.extensions.webscripts.DeclarativeRegistry] [asynchronouslyRefreshedCacheThreadPool1] Registered 397 Web Scripts (+0 failed), 546 URLs
2018-04-16 15:44:20,064 INFO  [org.springframework.extensions.webscripts.DeclarativeRegistry] [asynchronouslyRefreshedCacheThreadPool1] Registered 1 Package Description Documents (+0 failed) 
2018-04-16 15:44:20,064 INFO  [org.springframework.extensions.webscripts.DeclarativeRegistry] [asynchronouslyRefreshedCacheThreadPool1] Registered 0 Schema Description Documents (+0 failed) 
2018-04-16 15:44:20,278 INFO  [org.springframework.extensions.webscripts.DeclarativeRegistry] [asynchronouslyRefreshedCacheThreadPool1] Registered 12 Web Scripts (+0 failed), 101 URLs
2018-04-16 15:44:20,279 INFO  [org.springframework.extensions.webscripts.DeclarativeRegistry] [asynchronouslyRefreshedCacheThreadPool1] Registered 0 Package Description Documents (+0 failed) 
2018-04-16 15:44:20,281 INFO  [org.springframework.extensions.webscripts.DeclarativeRegistry] [asynchronouslyRefreshedCacheThreadPool1] Registered 0 Schema Description Documents (+0 failed) 
2018-04-16 15:44:20,433 INFO  [org.springframework.extensions.webscripts.DeclarativeRegistry] [localhost-startStop-1] Registered 12 Web Scripts (+0 failed), 101 URLs
2018-04-16 15:44:20,434 INFO  [org.springframework.extensions.webscripts.DeclarativeRegistry] [localhost-startStop-1] Registered 0 Package Description Documents (+0 failed) 
2018-04-16 15:44:20,434 INFO  [org.springframework.extensions.webscripts.DeclarativeRegistry] [localhost-startStop-1] Registered 0 Schema Description Documents (+0 failed) 
2018-04-16 15:44:20,441 INFO  [org.springframework.extensions.webscripts.AbstractRuntimeContainer] [localhost-startStop-1] Initialised Public Api Web Script Container (in 4531.8774ms)
2018-04-16 15:44:20,840 INFO  [org.springframework.extensions.webscripts.DeclarativeRegistry] [asynchronouslyRefreshedCacheThreadPool1] Registered 12 Web Scripts (+0 failed), 101 URLs
2018-04-16 15:44:20,957 INFO  [org.springframework.extensions.webscripts.DeclarativeRegistry] [asynchronouslyRefreshedCacheThreadPool1] Registered 0 Package Description Documents (+0 failed) 
2018-04-16 15:44:20,957 INFO  [org.springframework.extensions.webscripts.DeclarativeRegistry] [asynchronouslyRefreshedCacheThreadPool1] Registered 0 Schema Description Documents (+0 failed) 
2018-04-16 15:45:01,903 WARN  [org.alfresco.util.OpenOfficeConnectionTester] [DefaultScheduler_Worker-3] Error trying to query Open Office version information. OpenOffice.org's ConfigurationRegistry not implemented in this version of OOo. This should not affect the operation of OOo.
2018-04-16 15:45:01,904 INFO  [org.alfresco.util.OpenOfficeConnectionTester] [DefaultScheduler_Worker-3] The OpenOffice connection was re-established.
2018-04-16 15:46:15,144 INFO  [org.alfresco.repo.management.subsystems.ChildApplicationContextFactory] [http-bio-8080-exec-11] Starting 'Transformers' subsystem, ID: [Transformers, default]
2018-04-16 15:46:15,399 INFO  [org.alfresco.repo.management.subsystems.ChildApplicationContextFactory] [http-bio-8080-exec-11] Startup of 'Transformers' subsystem, ID: [Transformers, default] complete
2018-04-16 15:48:46,891 INFO  [org.alfresco.repo.management.subsystems.ChildApplicationContextFactory] [localhost-startStop-2] Stopping 'Replication' subsystem, ID: [Replication, default]
2018-04-16 15:48:46,893 INFO  [org.alfresco.repo.management.subsystems.ChildApplicationContextFactory] [localhost-startStop-2] Stopped 'Replication' subsystem, ID: [Replication, default]
2018-04-16 15:48:46,917 INFO  [org.alfresco.repo.management.subsystems.ChildApplicationContextFactory] [localhost-startStop-2] Stopping 'Subscriptions' subsystem, ID: [Subscriptions, default]
2018-04-16 15:48:46,919 INFO  [org.alfresco.repo.management.subsystems.ChildApplicationContextFactory] [localhost-startStop-2] Stopped 'Subscriptions' subsystem, ID: [Subscriptions, default]
2018-04-16 15:48:46,919 INFO  [org.alfresco.repo.management.subsystems.ChildApplicationContextFactory] [localhost-startStop-2] Stopping 'email' subsystem, ID: [email, inbound]
2018-04-16 15:48:46,919 INFO  [org.alfresco.repo.management.subsystems.ChildApplicationContextFactory] [localhost-startStop-2] Stopped 'email' subsystem, ID: [email, inbound]
2018-04-16 15:48:46,920 INFO  [org.alfresco.repo.management.subsystems.ChildApplicationContextFactory] [localhost-startStop-2] Stopping 'fileServers' subsystem, ID: [fileServers, default]
2018-04-16 15:48:46,921 INFO  [org.alfresco.repo.management.subsystems.ChildApplicationContextFactory] [localhost-startStop-2] Stopped 'fileServers' subsystem, ID: [fileServers, default]
2018-04-16 15:48:46,925 INFO  [org.alfresco.repo.management.subsystems.ChildApplicationContextFactory] [localhost-startStop-2] Stopping 'ActivitiesFeed' subsystem, ID: [ActivitiesFeed, default]
2018-04-16 15:48:46,926 INFO  [org.alfresco.repo.management.subsystems.ChildApplicationContextFactory] [localhost-startStop-2] Stopped 'ActivitiesFeed' subsystem, ID: [ActivitiesFeed, default]
2018-04-16 15:48:46,928 INFO  [org.alfresco.repo.management.subsystems.ChildApplicationContextFactory] [localhost-startStop-2] Stopping 'OOoDirect' subsystem, ID: [OOoDirect, default]
2018-04-16 15:48:46,930 INFO  [org.alfresco.repo.management.subsystems.ChildApplicationContextFactory] [localhost-startStop-2] Stopped 'OOoDirect' subsystem, ID: [OOoDirect, default]
2018-04-16 15:48:46,931 INFO  [org.alfresco.repo.management.subsystems.ChildApplicationContextFactory] [localhost-startStop-2] Stopping 'ContentStore' subsystem, ID: [ContentStore, managed, unencrypted]
2018-04-16 15:48:46,931 INFO  [org.alfresco.repo.management.subsystems.ChildApplicationContextFactory] [localhost-startStop-2] Stopped 'ContentStore' subsystem, ID: [ContentStore, managed, unencrypted]
2018-04-16 15:48:46,932 INFO  [org.alfresco.repo.management.subsystems.ChildApplicationContextFactory] [localhost-startStop-2] Stopping 'Synchronization' subsystem, ID: [Synchronization, default]
2018-04-16 15:48:46,933 INFO  [org.alfresco.repo.management.subsystems.ChildApplicationContextFactory] [localhost-startStop-2] Stopped 'Synchronization' subsystem, ID: [Synchronization, default]
2018-04-16 15:48:46,942 INFO  [org.alfresco.repo.management.subsystems.ChildApplicationContextFactory] [localhost-startStop-2] Stopping 'email' subsystem, ID: [email, outbound]
2018-04-16 15:48:46,943 INFO  [org.alfresco.repo.management.subsystems.ChildApplicationContextFactory] [localhost-startStop-2] Stopped 'email' subsystem, ID: [email, outbound]
2018-04-16 15:48:46,951 INFO  [org.alfresco.repo.management.subsystems.ChildApplicationContextFactory] [localhost-startStop-2] Stopping 'imap' subsystem, ID: [imap, default]
2018-04-16 15:48:46,952 INFO  [org.alfresco.repo.management.subsystems.ChildApplicationContextFactory] [localhost-startStop-2] Stopped 'imap' subsystem, ID: [imap, default]
2018-04-16 15:48:47,462 INFO  [org.alfresco.repo.management.subsystems.ChildApplicationContextFactory] [localhost-startStop-2] Stopping 'Search' subsystem, ID: [Search, managed, solr4]
2018-04-16 15:48:47,921 INFO  [org.alfresco.repo.management.subsystems.ChildApplicationContextFactory] [localhost-startStop-2] Stopped 'Search' subsystem, ID: [Search, managed, solr4]
2018-04-16 15:48:47,967 INFO  [org.alfresco.repo.management.subsystems.ChildApplicationContextFactory] [localhost-startStop-2] Stopping 'thirdparty' subsystem, ID: [thirdparty, default]
2018-04-16 15:48:47,968 INFO  [org.alfresco.repo.management.subsystems.ChildApplicationContextFactory] [localhost-startStop-2] Stopped 'thirdparty' subsystem, ID: [thirdparty, default]
2018-04-16 15:48:47,969 INFO  [org.alfresco.repo.management.subsystems.ChildApplicationContextFactory] [localhost-startStop-2] Stopping 'Transformers' subsystem, ID: [Transformers, default]
2018-04-16 15:48:47,969 INFO  [org.alfresco.repo.management.subsystems.ChildApplicationContextFactory] [localhost-startStop-2] Stopped 'Transformers' subsystem, ID: [Transformers, default]
2018-04-16 15:48:47,970 INFO  [org.alfresco.repo.management.subsystems.ChildApplicationContextFactory] [localhost-startStop-2] Stopping 'Authentication' subsystem, ID: [Authentication, managed, alfrescoNtlm1]
2018-04-16 15:48:47,970 INFO  [org.alfresco.repo.management.subsystems.ChildApplicationContextFactory] [localhost-startStop-2] Stopped 'Authentication' subsystem, ID: [Authentication, managed, alfrescoNtlm1]
2018-04-16 15:48:47,970 INFO  [org.alfresco.repo.management.subsystems.ChildApplicationContextFactory] [localhost-startStop-2] Stopping 'sysAdmin' subsystem, ID: [sysAdmin, default]
2018-04-16 15:48:47,970 INFO  [org.alfresco.repo.management.subsystems.ChildApplicationContextFactory] [localhost-startStop-2] Stopped 'sysAdmin' subsystem, ID: [sysAdmin, default]
